# JRE version: OpenJDK Runtime Environment (8.0_76-b03) (build 1.8.0_76-release-b03)
# Java VM: OpenJDK 64-Bit Server VM (25.76-b03 mixed mode windows-amd64 compressed oops)
Heap:
 PSYoungGen      total 428032K, used 134719K [0x00000000e0000000, 0x0000000100000000, 0x0000000100000000)
  eden space 343040K, 24% used [0x00000000e0000000,0x00000000e522dc30,0x00000000f4f00000)
  from space 84992K, 59% used [0x00000000f4f00000,0x00000000f80620c8,0x00000000fa200000)
  to   space 88064K, 0% used [0x00000000faa00000,0x00000000faa00000,0x0000000100000000)
 ParOldGen       total 234496K, used 62466K [0x00000000a0000000, 0x00000000ae500000, 0x00000000e0000000)
  object space 234496K, 26% used [0x00000000a0000000,0x00000000a3d00a88,0x00000000ae500000)
 Metaspace       used 68395K, capacity 70436K, committed 70528K, reserved 1110016K
  class space    used 8552K, capacity 9026K, committed 9088K, reserved 1048576K
GC Heap History (10 events):
Event: 36.314 GC heap before
{Heap before GC invocations=26 (full 5):
 PSYoungGen      total 336896K, used 6166K [0x00000000e0000000, 0x00000000ff980000, 0x0000000100000000)
  eden space 330240K, 0% used [0x00000000e0000000,0x00000000e0000000,0x00000000f4280000)
  from space 6656K, 92% used [0x00000000f4280000,0x00000000f4885b90,0x00000000f4900000)
  to   space 93696K, 0% used [0x00000000f9e00000,0x00000000f9e00000,0x00000000ff980000)
 ParOldGen       total 234496K, used 80934K [0x00000000a0000000, 0x00000000ae500000, 0x00000000e0000000)
  object space 234496K, 34% used [0x00000000a0000000,0x00000000a4f09840,0x00000000ae500000)
 Metaspace       used 66425K, capacity 68228K, committed 68608K, reserved 1110016K
  class space    used 8434K, capacity 8854K, committed 8960K, reserved 1048576K
Event: 36.651 GC heap after
Heap after GC invocations=26 (full 5):
 PSYoungGen      total 336896K, used 0K [0x00000000e0000000, 0x00000000ff980000, 0x0000000100000000)
  eden space 330240K, 0% used [0x00000000e0000000,0x00000000e0000000,0x00000000f4280000)
  from space 6656K, 0% used [0x00000000f4280000,0x00000000f4280000,0x00000000f4900000)
  to   space 93696K, 0% used [0x00000000f9e00000,0x00000000f9e00000,0x00000000ff980000)
 ParOldGen       total 234496K, used 41698K [0x00000000a0000000, 0x00000000ae500000, 0x00000000e0000000)
  object space 234496K, 17% used [0x00000000a0000000,0x00000000a28b88c8,0x00000000ae500000)
 Metaspace       used 66425K, capacity 68228K, committed 68608K, reserved 1110016K
  class space    used 8434K, capacity 8854K, committed 8960K, reserved 1048576K
}
Event: 105.093 GC heap before
{Heap before GC invocations=27 (full 5):
 PSYoungGen      total 336896K, used 330240K [0x00000000e0000000, 0x00000000ff980000, 0x0000000100000000)
  eden space 330240K, 100% used [0x00000000e0000000,0x00000000f4280000,0x00000000f4280000)
  from space 6656K, 0% used [0x00000000f4280000,0x00000000f4280000,0x00000000f4900000)
  to   space 93696K, 0% used [0x00000000f9e00000,0x00000000f9e00000,0x00000000ff980000)
 ParOldGen       total 234496K, used 41698K [0x00000000a0000000, 0x00000000ae500000, 0x00000000e0000000)
  object space 234496K, 17% used [0x00000000a0000000,0x00000000a28b88c8,0x00000000ae500000)
 Metaspace       used 67253K, capacity 69212K, committed 69376K, reserved 1110016K
  class space    used 8464K, capacity 8910K, committed 8960K, reserved 1048576K
Event: 105.126 GC heap after
Heap after GC invocations=27 (full 5):
 PSYoungGen      total 425984K, used 8053K [0x00000000e0000000, 0x0000000100000000, 0x0000000100000000)
  eden space 332288K, 0% used [0x00000000e0000000,0x00000000e0000000,0x00000000f4480000)
  from space 93696K, 8% used [0x00000000f9e00000,0x00000000fa5dd578,0x00000000ff980000)
  to   space 91648K, 0% used [0x00000000f4480000,0x00000000f4480000,0x00000000f9e00000)
 ParOldGen       total 234496K, used 41706K [0x00000000a0000000, 0x00000000ae500000, 0x00000000e0000000)
  object space 234496K, 17% used [0x00000000a0000000,0x00000000a28ba8c8,0x00000000ae500000)
 Metaspace       used 67253K, capacity 69212K, committed 69376K, reserved 1110016K
  class space    used 8464K, capacity 8910K, committed 8960K, reserved 1048576K
}
Event: 108.521 GC heap before
{Heap before GC invocations=28 (full 5):
 PSYoungGen      total 425984K, used 340191K [0x00000000e0000000, 0x0000000100000000, 0x0000000100000000)
  eden space 332288K, 99% used [0x00000000e0000000,0x00000000f445a988,0x00000000f4480000)
  from space 93696K, 8% used [0x00000000f9e00000,0x00000000fa5dd578,0x00000000ff980000)
  to   space 91648K, 0% used [0x00000000f4480000,0x00000000f4480000,0x00000000f9e00000)
 ParOldGen       total 234496K, used 41706K [0x00000000a0000000, 0x00000000ae500000, 0x00000000e0000000)
  object space 234496K, 17% used [0x00000000a0000000,0x00000000a28ba8c8,0x00000000ae500000)
 Metaspace       used 67741K, capacity 69648K, committed 69888K, reserved 1110016K
  class space    used 8470K, capacity 8918K, committed 8960K, reserved 1048576K
Event: 108.533 GC heap after
Heap after GC invocations=28 (full 5):
 PSYoungGen      total 423936K, used 2819K [0x00000000e0000000, 0x00000000ffa00000, 0x0000000100000000)
  eden space 332288K, 0% used [0x00000000e0000000,0x00000000e0000000,0x00000000f4480000)
  from space 91648K, 3% used [0x00000000f4480000,0x00000000f4740c20,0x00000000f9e00000)
  to   space 89600K, 0% used [0x00000000fa280000,0x00000000fa280000,0x00000000ffa00000)
 ParOldGen       total 234496K, used 46166K [0x00000000a0000000, 0x00000000ae500000, 0x00000000e0000000)
  object space 234496K, 19% used [0x00000000a0000000,0x00000000a2d15b80,0x00000000ae500000)
 Metaspace       used 67741K, capacity 69648K, committed 69888K, reserved 1110016K
  class space    used 8470K, capacity 8918K, committed 8960K, reserved 1048576K
}
Event: 111.133 GC heap before
{Heap before GC invocations=29 (full 5):
 PSYoungGen      total 423936K, used 335107K [0x00000000e0000000, 0x00000000ffa00000, 0x0000000100000000)
  eden space 332288K, 100% used [0x00000000e0000000,0x00000000f4480000,0x00000000f4480000)
  from space 91648K, 3% used [0x00000000f4480000,0x00000000f4740c20,0x00000000f9e00000)
  to   space 89600K, 0% used [0x00000000fa280000,0x00000000fa280000,0x00000000ffa00000)
 ParOldGen       total 234496K, used 46166K [0x00000000a0000000, 0x00000000ae500000, 0x00000000e0000000)
  object space 234496K, 19% used [0x00000000a0000000,0x00000000a2d15b80,0x00000000ae500000)
 Metaspace       used 68392K, capacity 70436K, committed 70528K, reserved 1110016K
  class space    used 8552K, capacity 9026K, committed 9088K, reserved 1048576K
Event: 111.198 GC heap after
Heap after GC invocations=29 (full 5):
 PSYoungGen      total 427520K, used 30205K [0x00000000e0000000, 0x00000000ff500000, 0x0000000100000000)
  eden space 343040K, 0% used [0x00000000e0000000,0x00000000e0000000,0x00000000f4f00000)
  from space 84480K, 35% used [0x00000000fa280000,0x00000000fbfff700,0x00000000ff500000)
  to   space 84992K, 0% used [0x00000000f4f00000,0x00000000f4f00000,0x00000000fa200000)
 ParOldGen       total 234496K, used 47906K [0x00000000a0000000, 0x00000000ae500000, 0x00000000e0000000)
  object space 234496K, 20% used [0x00000000a0000000,0x00000000a2ec8bb0,0x00000000ae500000)
 Metaspace       used 68392K, capacity 70436K, committed 70528K, reserved 1110016K
  class space    used 8552K, capacity 9026K, committed 9088K, reserved 1048576K
}
Event: 113.066 GC heap before
{Heap before GC invocations=30 (full 5):
 PSYoungGen      total 427520K, used 373245K [0x00000000e0000000, 0x00000000ff500000, 0x0000000100000000)
  eden space 343040K, 100% used [0x00000000e0000000,0x00000000f4f00000,0x00000000f4f00000)
  from space 84480K, 35% used [0x00000000fa280000,0x00000000fbfff700,0x00000000ff500000)
  to   space 84992K, 0% used [0x00000000f4f00000,0x00000000f4f00000,0x00000000fa200000)
 ParOldGen       total 234496K, used 47906K [0x00000000a0000000, 0x00000000ae500000, 0x00000000e0000000)
  object space 234496K, 20% used [0x00000000a0000000,0x00000000a2ec8bb0,0x00000000ae500000)
 Metaspace       used 68394K, capacity 70436K, committed 70528K, reserved 1110016K
  class space    used 8552K, capacity 9026K, committed 9088K, reserved 1048576K
Event: 113.246 GC heap after
Heap after GC invocations=30 (full 5):
 PSYoungGen      total 428032K, used 50568K [0x00000000e0000000, 0x0000000100000000, 0x0000000100000000)
  eden space 343040K, 0% used [0x00000000e0000000,0x00000000e0000000,0x00000000f4f00000)
  from space 84992K, 59% used [0x00000000f4f00000,0x00000000f80620c8,0x00000000fa200000)
  to   space 88064K, 0% used [0x00000000faa00000,0x00000000faa00000,0x0000000100000000)
 ParOldGen       total 234496K, used 62466K [0x00000000a0000000, 0x00000000ae500000, 0x00000000e0000000)
  object space 234496K, 26% used [0x00000000a0000000,0x00000000a3d00a88,0x00000000ae500000)
 Metaspace       used 68394K, capacity 70436K, committed 70528K, reserved 1110016K
  class space    used 8552K, capacity 9026K, committed 9088K, reserved 1048576K
}

