# JRE version: OpenJDK Runtime Environment (8.0_76-b03) (build 1.8.0_76-release-b03)
# Java VM: OpenJDK 64-Bit Server VM (25.76-b03 mixed mode windows-amd64 compressed oops)
Heap:
 PSYoungGen      total 342528K, used 67391K [0x00000000e0000000, 0x00000000fa880000, 0x0000000100000000)
  eden space 297472K, 22% used [0x00000000e0000000,0x00000000e41cfc10,0x00000000f2280000)
  from space 45056K, 0% used [0x00000000f5d80000,0x00000000f5d80000,0x00000000f8980000)
  to   space 60416K, 0% used [0x00000000f2280000,0x00000000f2280000,0x00000000f5d80000)
 ParOldGen       total 248320K, used 123980K [0x00000000a0000000, 0x00000000af280000, 0x00000000e0000000)
  object space 248320K, 49% used [0x00000000a0000000,0x00000000a7913078,0x00000000af280000)
 Metaspace       used 78814K, capacity 82498K, committed 84224K, reserved 1122304K
  class space    used 9983K, capacity 10704K, committed 11008K, reserved 1048576K
GC Heap History (10 events):
Event: 2036.863 GC heap before
{Heap before GC invocations=29 (full 6):
 PSYoungGen      total 206848K, used 197339K [0x00000000e0000000, 0x00000000ef480000, 0x0000000100000000)
  eden space 184832K, 100% used [0x00000000e0000000,0x00000000eb480000,0x00000000eb480000)
  from space 22016K, 56% used [0x00000000eca00000,0x00000000ed636f00,0x00000000edf80000)
  to   space 22016K, 0% used [0x00000000eb480000,0x00000000eb480000,0x00000000eca00000)
 ParOldGen       total 125952K, used 57890K [0x00000000a0000000, 0x00000000a7b00000, 0x00000000e0000000)
  object space 125952K, 45% used [0x00000000a0000000,0x00000000a38889b0,0x00000000a7b00000)
 Metaspace       used 79044K, capacity 83148K, committed 83456K, reserved 1122304K
  class space    used 10143K, capacity 10975K, committed 11008K, reserved 1048576K
Event: 2036.955 GC heap after
Heap after GC invocations=29 (full 6):
 PSYoungGen      total 206848K, used 21993K [0x00000000e0000000, 0x00000000f2400000, 0x0000000100000000)
  eden space 184832K, 0% used [0x00000000e0000000,0x00000000e0000000,0x00000000eb480000)
  from space 22016K, 99% used [0x00000000eb480000,0x00000000ec9fa738,0x00000000eca00000)
  to   space 27136K, 0% used [0x00000000f0980000,0x00000000f0980000,0x00000000f2400000)
 ParOldGen       total 125952K, used 64878K [0x00000000a0000000, 0x00000000a7b00000, 0x00000000e0000000)
  object space 125952K, 51% used [0x00000000a0000000,0x00000000a3f5b898,0x00000000a7b00000)
 Metaspace       used 79044K, capacity 83148K, committed 83456K, reserved 1122304K
  class space    used 10143K, capacity 10975K, committed 11008K, reserved 1048576K
}
Event: 2038.351 GC heap before
{Heap before GC invocations=30 (full 6):
 PSYoungGen      total 206848K, used 206825K [0x00000000e0000000, 0x00000000f2400000, 0x0000000100000000)
  eden space 184832K, 100% used [0x00000000e0000000,0x00000000eb480000,0x00000000eb480000)
  from space 22016K, 99% used [0x00000000eb480000,0x00000000ec9fa738,0x00000000eca00000)
  to   space 27136K, 0% used [0x00000000f0980000,0x00000000f0980000,0x00000000f2400000)
 ParOldGen       total 125952K, used 64878K [0x00000000a0000000, 0x00000000a7b00000, 0x00000000e0000000)
  object space 125952K, 51% used [0x00000000a0000000,0x00000000a3f5b898,0x00000000a7b00000)
 Metaspace       used 79619K, capacity 83726K, committed 83968K, reserved 1122304K
  class space    used 10163K, capacity 10976K, committed 11008K, reserved 1048576K
Event: 2038.416 GC heap after
Heap after GC invocations=30 (full 6):
 PSYoungGen      total 264704K, used 27131K [0x00000000e0000000, 0x00000000f3080000, 0x0000000100000000)
  eden space 237568K, 0% used [0x00000000e0000000,0x00000000e0000000,0x00000000ee800000)
  from space 27136K, 99% used [0x00000000f0980000,0x00000000f23fec90,0x00000000f2400000)
  to   space 34304K, 0% used [0x00000000ee800000,0x00000000ee800000,0x00000000f0980000)
 ParOldGen       total 125952K, used 73293K [0x00000000a0000000, 0x00000000a7b00000, 0x00000000e0000000)
  object space 125952K, 58% used [0x00000000a0000000,0x00000000a4793638,0x00000000a7b00000)
 Metaspace       used 79619K, capacity 83726K, committed 83968K, reserved 1122304K
  class space    used 10163K, capacity 10976K, committed 11008K, reserved 1048576K
}
Event: 2039.661 GC heap before
{Heap before GC invocations=31 (full 6):
 PSYoungGen      total 264704K, used 264699K [0x00000000e0000000, 0x00000000f3080000, 0x0000000100000000)
  eden space 237568K, 100% used [0x00000000e0000000,0x00000000ee800000,0x00000000ee800000)
  from space 27136K, 99% used [0x00000000f0980000,0x00000000f23fec90,0x00000000f2400000)
  to   space 34304K, 0% used [0x00000000ee800000,0x00000000ee800000,0x00000000f0980000)
 ParOldGen       total 125952K, used 73293K [0x00000000a0000000, 0x00000000a7b00000, 0x00000000e0000000)
  object space 125952K, 58% used [0x00000000a0000000,0x00000000a4793638,0x00000000a7b00000)
 Metaspace       used 79769K, capacity 83854K, committed 83968K, reserved 1122304K
  class space    used 10163K, capacity 10976K, committed 11008K, reserved 1048576K
Event: 2039.800 GC heap after
Heap after GC invocations=31 (full 6):
 PSYoungGen      total 271872K, used 34289K [0x00000000e0000000, 0x00000000f8980000, 0x0000000100000000)
  eden space 237568K, 0% used [0x00000000e0000000,0x00000000e0000000,0x00000000ee800000)
  from space 34304K, 99% used [0x00000000ee800000,0x00000000f097c638,0x00000000f0980000)
  to   space 45056K, 0% used [0x00000000f5d80000,0x00000000f5d80000,0x00000000f8980000)
 ParOldGen       total 125952K, used 87401K [0x00000000a0000000, 0x00000000a7b00000, 0x00000000e0000000)
  object space 125952K, 69% used [0x00000000a0000000,0x00000000a555a5a0,0x00000000a7b00000)
 Metaspace       used 79769K, capacity 83854K, committed 83968K, reserved 1122304K
  class space    used 10163K, capacity 10976K, committed 11008K, reserved 1048576K
}
Event: 2040.768 GC heap before
{Heap before GC invocations=32 (full 6):
 PSYoungGen      total 271872K, used 271857K [0x00000000e0000000, 0x00000000f8980000, 0x0000000100000000)
  eden space 237568K, 100% used [0x00000000e0000000,0x00000000ee800000,0x00000000ee800000)
  from space 34304K, 99% used [0x00000000ee800000,0x00000000f097c638,0x00000000f0980000)
  to   space 45056K, 0% used [0x00000000f5d80000,0x00000000f5d80000,0x00000000f8980000)
 ParOldGen       total 125952K, used 87401K [0x00000000a0000000, 0x00000000a7b00000, 0x00000000e0000000)
  object space 125952K, 69% used [0x00000000a0000000,0x00000000a555a5a0,0x00000000a7b00000)
 Metaspace       used 79802K, capacity 83918K, committed 84224K, reserved 1122304K
  class space    used 10164K, capacity 10976K, committed 11008K, reserved 1048576K
Event: 2040.905 GC heap after
Heap after GC invocations=32 (full 6):
 PSYoungGen      total 342528K, used 45038K [0x00000000e0000000, 0x00000000fa880000, 0x0000000100000000)
  eden space 297472K, 0% used [0x00000000e0000000,0x00000000e0000000,0x00000000f2280000)
  from space 45056K, 99% used [0x00000000f5d80000,0x00000000f897bb28,0x00000000f8980000)
  to   space 60416K, 0% used [0x00000000f2280000,0x00000000f2280000,0x00000000f5d80000)
 ParOldGen       total 125952K, used 109381K [0x00000000a0000000, 0x00000000a7b00000, 0x00000000e0000000)
  object space 125952K, 86% used [0x00000000a0000000,0x00000000a6ad1598,0x00000000a7b00000)
 Metaspace       used 79802K, capacity 83918K, committed 84224K, reserved 1122304K
  class space    used 10164K, capacity 10976K, committed 11008K, reserved 1048576K
}
Event: 2040.905 GC heap before
{Heap before GC invocations=33 (full 7):
 PSYoungGen      total 342528K, used 45038K [0x00000000e0000000, 0x00000000fa880000, 0x0000000100000000)
  eden space 297472K, 0% used [0x00000000e0000000,0x00000000e0000000,0x00000000f2280000)
  from space 45056K, 99% used [0x00000000f5d80000,0x00000000f897bb28,0x00000000f8980000)
  to   space 60416K, 0% used [0x00000000f2280000,0x00000000f2280000,0x00000000f5d80000)
 ParOldGen       total 125952K, used 109381K [0x00000000a0000000, 0x00000000a7b00000, 0x00000000e0000000)
  object space 125952K, 86% used [0x00000000a0000000,0x00000000a6ad1598,0x00000000a7b00000)
 Metaspace       used 79802K, capacity 83918K, committed 84224K, reserved 1122304K
  class space    used 10164K, capacity 10976K, committed 11008K, reserved 1048576K
Event: 2041.763 GC heap after
Heap after GC invocations=33 (full 7):
 PSYoungGen      total 342528K, used 0K [0x00000000e0000000, 0x00000000fa880000, 0x0000000100000000)
  eden space 297472K, 0% used [0x00000000e0000000,0x00000000e0000000,0x00000000f2280000)
  from space 45056K, 0% used [0x00000000f5d80000,0x00000000f5d80000,0x00000000f8980000)
  to   space 60416K, 0% used [0x00000000f2280000,0x00000000f2280000,0x00000000f5d80000)
 ParOldGen       total 248320K, used 123980K [0x00000000a0000000, 0x00000000af280000, 0x00000000e0000000)
  object space 248320K, 49% used [0x00000000a0000000,0x00000000a7913078,0x00000000af280000)
 Metaspace       used 78803K, capacity 82498K, committed 84224K, reserved 1122304K
  class space    used 9983K, capacity 10704K, committed 11008K, reserved 1048576K
}

