# JRE version: OpenJDK Runtime Environment (8.0_76-b03) (build 1.8.0_76-release-b03)
# Java VM: OpenJDK 64-Bit Server VM (25.76-b03 mixed mode windows-amd64 compressed oops)
Heap:
 PSYoungGen      total 180736K, used 45250K [0x00000000e0000000, 0x00000000ef180000, 0x0000000100000000)
  eden space 164352K, 17% used [0x00000000e0000000,0x00000000e1c34960,0x00000000ea080000)
  from space 16384K, 99% used [0x00000000ea080000,0x00000000eb07bfe0,0x00000000eb080000)
  to   space 22528K, 0% used [0x00000000edb80000,0x00000000edb80000,0x00000000ef180000)
 ParOldGen       total 96768K, used 31812K [0x00000000a0000000, 0x00000000a5e80000, 0x00000000e0000000)
  object space 96768K, 32% used [0x00000000a0000000,0x00000000a1f11280,0x00000000a5e80000)
 Metaspace       used 51227K, capacity 52594K, committed 52736K, reserved 1095680K
  class space    used 6755K, capacity 7099K, committed 7168K, reserved 1048576K
GC Heap History (10 events):
Event: 8.367 GC heap before
{Heap before GC invocations=9 (full 1):
 PSYoungGen      total 104448K, used 24437K [0x00000000e0000000, 0x00000000e9800000, 0x0000000100000000)
  eden space 94208K, 15% used [0x00000000e0000000,0x00000000e0ddf460,0x00000000e5c00000)
  from space 10240K, 99% used [0x00000000e5c00000,0x00000000e65fe320,0x00000000e6600000)
  to   space 11776K, 0% used [0x00000000e8c80000,0x00000000e8c80000,0x00000000e9800000)
 ParOldGen       total 67584K, used 14627K [0x00000000a0000000, 0x00000000a4200000, 0x00000000e0000000)
  object space 67584K, 21% used [0x00000000a0000000,0x00000000a0e48d18,0x00000000a4200000)
 Metaspace       used 34662K, capacity 35240K, committed 35496K, reserved 1079296K
  class space    used 4647K, capacity 4849K, committed 4864K, reserved 1048576K
Event: 8.382 GC heap after
Heap after GC invocations=9 (full 1):
 PSYoungGen      total 143872K, used 8456K [0x00000000e0000000, 0x00000000ea080000, 0x0000000100000000)
  eden space 132096K, 0% used [0x00000000e0000000,0x00000000e0000000,0x00000000e8100000)
  from space 11776K, 71% used [0x00000000e8c80000,0x00000000e94c23f0,0x00000000e9800000)
  to   space 11776K, 0% used [0x00000000e8100000,0x00000000e8100000,0x00000000e8c80000)
 ParOldGen       total 67584K, used 14635K [0x00000000a0000000, 0x00000000a4200000, 0x00000000e0000000)
  object space 67584K, 21% used [0x00000000a0000000,0x00000000a0e4ad18,0x00000000a4200000)
 Metaspace       used 34662K, capacity 35240K, committed 35496K, reserved 1079296K
  class space    used 4647K, capacity 4849K, committed 4864K, reserved 1048576K
}
Event: 8.382 GC heap before
{Heap before GC invocations=10 (full 2):
 PSYoungGen      total 143872K, used 8456K [0x00000000e0000000, 0x00000000ea080000, 0x0000000100000000)
  eden space 132096K, 0% used [0x00000000e0000000,0x00000000e0000000,0x00000000e8100000)
  from space 11776K, 71% used [0x00000000e8c80000,0x00000000e94c23f0,0x00000000e9800000)
  to   space 11776K, 0% used [0x00000000e8100000,0x00000000e8100000,0x00000000e8c80000)
 ParOldGen       total 67584K, used 14635K [0x00000000a0000000, 0x00000000a4200000, 0x00000000e0000000)
  object space 67584K, 21% used [0x00000000a0000000,0x00000000a0e4ad18,0x00000000a4200000)
 Metaspace       used 34662K, capacity 35240K, committed 35496K, reserved 1079296K
  class space    used 4647K, capacity 4849K, committed 4864K, reserved 1048576K
Event: 8.485 GC heap after
Heap after GC invocations=10 (full 2):
 PSYoungGen      total 143872K, used 0K [0x00000000e0000000, 0x00000000ea080000, 0x0000000100000000)
  eden space 132096K, 0% used [0x00000000e0000000,0x00000000e0000000,0x00000000e8100000)
  from space 11776K, 0% used [0x00000000e8c80000,0x00000000e8c80000,0x00000000e9800000)
  to   space 11776K, 0% used [0x00000000e8100000,0x00000000e8100000,0x00000000e8c80000)
 ParOldGen       total 96768K, used 15128K [0x00000000a0000000, 0x00000000a5e80000, 0x00000000e0000000)
  object space 96768K, 15% used [0x00000000a0000000,0x00000000a0ec6128,0x00000000a5e80000)
 Metaspace       used 34662K, capacity 35240K, committed 35496K, reserved 1079296K
  class space    used 4647K, capacity 4849K, committed 4864K, reserved 1048576K
}
Event: 10.613 GC heap before
{Heap before GC invocations=11 (full 2):
 PSYoungGen      total 143872K, used 132096K [0x00000000e0000000, 0x00000000ea080000, 0x0000000100000000)
  eden space 132096K, 100% used [0x00000000e0000000,0x00000000e8100000,0x00000000e8100000)
  from space 11776K, 0% used [0x00000000e8c80000,0x00000000e8c80000,0x00000000e9800000)
  to   space 11776K, 0% used [0x00000000e8100000,0x00000000e8100000,0x00000000e8c80000)
 ParOldGen       total 96768K, used 15128K [0x00000000a0000000, 0x00000000a5e80000, 0x00000000e0000000)
  object space 96768K, 15% used [0x00000000a0000000,0x00000000a0ec6128,0x00000000a5e80000)
 Metaspace       used 42745K, capacity 43644K, committed 44160K, reserved 1087488K
  class space    used 5675K, capacity 5936K, committed 6016K, reserved 1048576K
Event: 10.630 GC heap after
Heap after GC invocations=11 (full 2):
 PSYoungGen      total 143872K, used 10614K [0x00000000e0000000, 0x00000000ebd80000, 0x0000000100000000)
  eden space 132096K, 0% used [0x00000000e0000000,0x00000000e0000000,0x00000000e8100000)
  from space 11776K, 90% used [0x00000000e8100000,0x00000000e8b5db50,0x00000000e8c80000)
  to   space 12800K, 0% used [0x00000000eb100000,0x00000000eb100000,0x00000000ebd80000)
 ParOldGen       total 96768K, used 15200K [0x00000000a0000000, 0x00000000a5e80000, 0x00000000e0000000)
  object space 96768K, 15% used [0x00000000a0000000,0x00000000a0ed8138,0x00000000a5e80000)
 Metaspace       used 42745K, capacity 43644K, committed 44160K, reserved 1087488K
  class space    used 5675K, capacity 5936K, committed 6016K, reserved 1048576K
}
Event: 16.058 GC heap before
{Heap before GC invocations=12 (full 2):
 PSYoungGen      total 143872K, used 142710K [0x00000000e0000000, 0x00000000ebd80000, 0x0000000100000000)
  eden space 132096K, 100% used [0x00000000e0000000,0x00000000e8100000,0x00000000e8100000)
  from space 11776K, 90% used [0x00000000e8100000,0x00000000e8b5db50,0x00000000e8c80000)
  to   space 12800K, 0% used [0x00000000eb100000,0x00000000eb100000,0x00000000ebd80000)
 ParOldGen       total 96768K, used 15200K [0x00000000a0000000, 0x00000000a5e80000, 0x00000000e0000000)
  object space 96768K, 15% used [0x00000000a0000000,0x00000000a0ed8138,0x00000000a5e80000)
 Metaspace       used 48700K, capacity 49968K, committed 50176K, reserved 1093632K
  class space    used 6491K, capacity 6816K, committed 6912K, reserved 1048576K
Event: 16.084 GC heap after
Heap after GC invocations=12 (full 2):
 PSYoungGen      total 177152K, used 12783K [0x00000000e0000000, 0x00000000ec080000, 0x0000000100000000)
  eden space 164352K, 0% used [0x00000000e0000000,0x00000000e0000000,0x00000000ea080000)
  from space 12800K, 99% used [0x00000000eb100000,0x00000000ebd7bff0,0x00000000ebd80000)
  to   space 16384K, 0% used [0x00000000ea080000,0x00000000ea080000,0x00000000eb080000)
 ParOldGen       total 96768K, used 21209K [0x00000000a0000000, 0x00000000a5e80000, 0x00000000e0000000)
  object space 96768K, 21% used [0x00000000a0000000,0x00000000a14b6728,0x00000000a5e80000)
 Metaspace       used 48700K, capacity 49968K, committed 50176K, reserved 1093632K
  class space    used 6491K, capacity 6816K, committed 6912K, reserved 1048576K
}
Event: 19.285 GC heap before
{Heap before GC invocations=13 (full 2):
 PSYoungGen      total 177152K, used 177135K [0x00000000e0000000, 0x00000000ec080000, 0x0000000100000000)
  eden space 164352K, 100% used [0x00000000e0000000,0x00000000ea080000,0x00000000ea080000)
  from space 12800K, 99% used [0x00000000eb100000,0x00000000ebd7bff0,0x00000000ebd80000)
  to   space 16384K, 0% used [0x00000000ea080000,0x00000000ea080000,0x00000000eb080000)
 ParOldGen       total 96768K, used 21209K [0x00000000a0000000, 0x00000000a5e80000, 0x00000000e0000000)
  object space 96768K, 21% used [0x00000000a0000000,0x00000000a14b6728,0x00000000a5e80000)
 Metaspace       used 51131K, capacity 52466K, committed 52736K, reserved 1095680K
  class space    used 6752K, capacity 7099K, committed 7168K, reserved 1048576K
Event: 19.317 GC heap after
Heap after GC invocations=13 (full 2):
 PSYoungGen      total 180736K, used 16367K [0x00000000e0000000, 0x00000000ef180000, 0x0000000100000000)
  eden space 164352K, 0% used [0x00000000e0000000,0x00000000e0000000,0x00000000ea080000)
  from space 16384K, 99% used [0x00000000ea080000,0x00000000eb07bfe0,0x00000000eb080000)
  to   space 22528K, 0% used [0x00000000edb80000,0x00000000edb80000,0x00000000ef180000)
 ParOldGen       total 96768K, used 31812K [0x00000000a0000000, 0x00000000a5e80000, 0x00000000e0000000)
  object space 96768K, 32% used [0x00000000a0000000,0x00000000a1f11280,0x00000000a5e80000)
 Metaspace       used 51131K, capacity 52466K, committed 52736K, reserved 1095680K
  class space    used 6752K, capacity 7099K, committed 7168K, reserved 1048576K
}

