# JRE version: OpenJDK Runtime Environment (8.0_76-b03) (build 1.8.0_76-release-b03)
# Java VM: OpenJDK 64-Bit Server VM (25.76-b03 mixed mode windows-amd64 compressed oops)
Heap:
 PSYoungGen      total 170496K, used 69790K [0x00000000e0000000, 0x00000000eba80000, 0x0000000100000000)
  eden space 157696K, 36% used [0x00000000e0000000,0x00000000e37ae750,0x00000000e9a00000)
  from space 12800K, 99% used [0x00000000eaa00000,0x00000000eb6792f0,0x00000000eb680000)
  to   space 16384K, 0% used [0x00000000e9a00000,0x00000000e9a00000,0x00000000eaa00000)
 ParOldGen       total 98304K, used 50044K [0x00000000a0000000, 0x00000000a6000000, 0x00000000e0000000)
  object space 98304K, 50% used [0x00000000a0000000,0x00000000a30df228,0x00000000a6000000)
 Metaspace       used 58336K, capacity 59854K, committed 59904K, reserved 1101824K
  class space    used 7580K, capacity 7926K, committed 7936K, reserved 1048576K
GC Heap History (10 events):
Event: 12.998 GC heap before
{Heap before GC invocations=11 (full 2):
 PSYoungGen      total 139776K, used 128000K [0x00000000e0000000, 0x00000000e9f00000, 0x0000000100000000)
  eden space 128000K, 100% used [0x00000000e0000000,0x00000000e7d00000,0x00000000e7d00000)
  from space 11776K, 0% used [0x00000000e8880000,0x00000000e8880000,0x00000000e9400000)
  to   space 11776K, 0% used [0x00000000e7d00000,0x00000000e7d00000,0x00000000e8880000)
 ParOldGen       total 98304K, used 15104K [0x00000000a0000000, 0x00000000a6000000, 0x00000000e0000000)
  object space 98304K, 15% used [0x00000000a0000000,0x00000000a0ec0300,0x00000000a6000000)
 Metaspace       used 42704K, capacity 43652K, committed 44160K, reserved 1087488K
  class space    used 5667K, capacity 5936K, committed 6016K, reserved 1048576K
Event: 13.015 GC heap after
Heap after GC invocations=11 (full 2):
 PSYoungGen      total 139776K, used 10368K [0x00000000e0000000, 0x00000000eb680000, 0x0000000100000000)
  eden space 128000K, 0% used [0x00000000e0000000,0x00000000e0000000,0x00000000e7d00000)
  from space 11776K, 88% used [0x00000000e7d00000,0x00000000e87202e0,0x00000000e8880000)
  to   space 12800K, 0% used [0x00000000eaa00000,0x00000000eaa00000,0x00000000eb680000)
 ParOldGen       total 98304K, used 15176K [0x00000000a0000000, 0x00000000a6000000, 0x00000000e0000000)
  object space 98304K, 15% used [0x00000000a0000000,0x00000000a0ed2310,0x00000000a6000000)
 Metaspace       used 42704K, capacity 43652K, committed 44160K, reserved 1087488K
  class space    used 5667K, capacity 5936K, committed 6016K, reserved 1048576K
}
Event: 16.581 GC heap before
{Heap before GC invocations=12 (full 2):
 PSYoungGen      total 139776K, used 138368K [0x00000000e0000000, 0x00000000eb680000, 0x0000000100000000)
  eden space 128000K, 100% used [0x00000000e0000000,0x00000000e7d00000,0x00000000e7d00000)
  from space 11776K, 88% used [0x00000000e7d00000,0x00000000e87202e0,0x00000000e8880000)
  to   space 12800K, 0% used [0x00000000eaa00000,0x00000000eaa00000,0x00000000eb680000)
 ParOldGen       total 98304K, used 15176K [0x00000000a0000000, 0x00000000a6000000, 0x00000000e0000000)
  object space 98304K, 15% used [0x00000000a0000000,0x00000000a0ed2310,0x00000000a6000000)
 Metaspace       used 49103K, capacity 50448K, committed 50688K, reserved 1093632K
  class space    used 6556K, capacity 6884K, committed 6912K, reserved 1048576K
Event: 16.605 GC heap after
Heap after GC invocations=12 (full 2):
 PSYoungGen      total 170496K, used 12784K [0x00000000e0000000, 0x00000000eba80000, 0x0000000100000000)
  eden space 157696K, 0% used [0x00000000e0000000,0x00000000e0000000,0x00000000e9a00000)
  from space 12800K, 99% used [0x00000000eaa00000,0x00000000eb67c010,0x00000000eb680000)
  to   space 16384K, 0% used [0x00000000e9a00000,0x00000000e9a00000,0x00000000eaa00000)
 ParOldGen       total 98304K, used 21392K [0x00000000a0000000, 0x00000000a6000000, 0x00000000e0000000)
  object space 98304K, 21% used [0x00000000a0000000,0x00000000a14e40f8,0x00000000a6000000)
 Metaspace       used 49103K, capacity 50448K, committed 50688K, reserved 1093632K
  class space    used 6556K, capacity 6884K, committed 6912K, reserved 1048576K
}
Event: 19.900 GC heap before
{Heap before GC invocations=13 (full 2):
 PSYoungGen      total 170496K, used 161507K [0x00000000e0000000, 0x00000000eba80000, 0x0000000100000000)
  eden space 157696K, 94% used [0x00000000e0000000,0x00000000e913cd58,0x00000000e9a00000)
  from space 12800K, 99% used [0x00000000eaa00000,0x00000000eb67c010,0x00000000eb680000)
  to   space 16384K, 0% used [0x00000000e9a00000,0x00000000e9a00000,0x00000000eaa00000)
 ParOldGen       total 98304K, used 21392K [0x00000000a0000000, 0x00000000a6000000, 0x00000000e0000000)
  object space 98304K, 21% used [0x00000000a0000000,0x00000000a14e40f8,0x00000000a6000000)
 Metaspace       used 57562K, capacity 59054K, committed 59136K, reserved 1099776K
  class space    used 7553K, capacity 7894K, committed 7936K, reserved 1048576K
Event: 19.956 GC heap after
Heap after GC invocations=13 (full 2):
 PSYoungGen      total 174080K, used 16371K [0x00000000e0000000, 0x00000000eba80000, 0x0000000100000000)
  eden space 157696K, 0% used [0x00000000e0000000,0x00000000e0000000,0x00000000e9a00000)
  from space 16384K, 99% used [0x00000000e9a00000,0x00000000ea9fcf38,0x00000000eaa00000)
  to   space 12800K, 0% used [0x00000000eaa00000,0x00000000eaa00000,0x00000000eb680000)
 ParOldGen       total 98304K, used 30379K [0x00000000a0000000, 0x00000000a6000000, 0x00000000e0000000)
  object space 98304K, 30% used [0x00000000a0000000,0x00000000a1daac20,0x00000000a6000000)
 Metaspace       used 57562K, capacity 59054K, committed 59136K, reserved 1099776K
  class space    used 7553K, capacity 7894K, committed 7936K, reserved 1048576K
}
Event: 19.957 GC heap before
{Heap before GC invocations=14 (full 3):
 PSYoungGen      total 174080K, used 16371K [0x00000000e0000000, 0x00000000eba80000, 0x0000000100000000)
  eden space 157696K, 0% used [0x00000000e0000000,0x00000000e0000000,0x00000000e9a00000)
  from space 16384K, 99% used [0x00000000e9a00000,0x00000000ea9fcf38,0x00000000eaa00000)
  to   space 12800K, 0% used [0x00000000eaa00000,0x00000000eaa00000,0x00000000eb680000)
 ParOldGen       total 98304K, used 30379K [0x00000000a0000000, 0x00000000a6000000, 0x00000000e0000000)
  object space 98304K, 30% used [0x00000000a0000000,0x00000000a1daac20,0x00000000a6000000)
 Metaspace       used 57562K, capacity 59054K, committed 59136K, reserved 1099776K
  class space    used 7553K, capacity 7894K, committed 7936K, reserved 1048576K
Event: 20.378 GC heap after
Heap after GC invocations=14 (full 3):
 PSYoungGen      total 174080K, used 0K [0x00000000e0000000, 0x00000000eba80000, 0x0000000100000000)
  eden space 157696K, 0% used [0x00000000e0000000,0x00000000e0000000,0x00000000e9a00000)
  from space 16384K, 0% used [0x00000000e9a00000,0x00000000e9a00000,0x00000000eaa00000)
  to   space 12800K, 0% used [0x00000000eaa00000,0x00000000eaa00000,0x00000000eb680000)
 ParOldGen       total 98304K, used 41365K [0x00000000a0000000, 0x00000000a6000000, 0x00000000e0000000)
  object space 98304K, 42% used [0x00000000a0000000,0x00000000a28654b8,0x00000000a6000000)
 Metaspace       used 57562K, capacity 59054K, committed 59136K, reserved 1099776K
  class space    used 7553K, capacity 7894K, committed 7936K, reserved 1048576K
}
Event: 22.569 GC heap before
{Heap before GC invocations=15 (full 3):
 PSYoungGen      total 174080K, used 157696K [0x00000000e0000000, 0x00000000eba80000, 0x0000000100000000)
  eden space 157696K, 100% used [0x00000000e0000000,0x00000000e9a00000,0x00000000e9a00000)
  from space 16384K, 0% used [0x00000000e9a00000,0x00000000e9a00000,0x00000000eaa00000)
  to   space 12800K, 0% used [0x00000000eaa00000,0x00000000eaa00000,0x00000000eb680000)
 ParOldGen       total 98304K, used 41365K [0x00000000a0000000, 0x00000000a6000000, 0x00000000e0000000)
  object space 98304K, 42% used [0x00000000a0000000,0x00000000a28654b8,0x00000000a6000000)
 Metaspace       used 58163K, capacity 59726K, committed 59904K, reserved 1101824K
  class space    used 7569K, capacity 7926K, committed 7936K, reserved 1048576K
Event: 22.596 GC heap after
Heap after GC invocations=15 (full 3):
 PSYoungGen      total 170496K, used 12772K [0x00000000e0000000, 0x00000000eba80000, 0x0000000100000000)
  eden space 157696K, 0% used [0x00000000e0000000,0x00000000e0000000,0x00000000e9a00000)
  from space 12800K, 99% used [0x00000000eaa00000,0x00000000eb6792f0,0x00000000eb680000)
  to   space 16384K, 0% used [0x00000000e9a00000,0x00000000e9a00000,0x00000000eaa00000)
 ParOldGen       total 98304K, used 50044K [0x00000000a0000000, 0x00000000a6000000, 0x00000000e0000000)
  object space 98304K, 50% used [0x00000000a0000000,0x00000000a30df228,0x00000000a6000000)
 Metaspace       used 58163K, capacity 59726K, committed 59904K, reserved 1101824K
  class space    used 7569K, capacity 7926K, committed 7936K, reserved 1048576K
}

