# JRE version: OpenJDK Runtime Environment (8.0_76-b03) (build 1.8.0_76-release-b03)
# Java VM: OpenJDK 64-Bit Server VM (25.76-b03 mixed mode windows-amd64 compressed oops)
Heap:
 PSYoungGen      total 135168K, used 73615K [0x00000000e0000000, 0x00000000eaf00000, 0x0000000100000000)
  eden space 123392K, 51% used [0x00000000e0000000,0x00000000e3e28f10,0x00000000e7880000)
  from space 11776K, 84% used [0x00000000e7880000,0x00000000e823ad40,0x00000000e8400000)
  to   space 12288K, 0% used [0x00000000ea300000,0x00000000ea300000,0x00000000eaf00000)
 ParOldGen       total 65024K, used 15548K [0x00000000a0000000, 0x00000000a3f80000, 0x00000000e0000000)
  object space 65024K, 23% used [0x00000000a0000000,0x00000000a0f2f018,0x00000000a3f80000)
 Metaspace       used 44927K, capacity 45908K, committed 45952K, reserved 1089536K
  class space    used 6011K, capacity 6272K, committed 6272K, reserved 1048576K
GC Heap History (10 events):
Event: 5.914 GC heap before
{Heap before GC invocations=7 (full 1):
 PSYoungGen      total 71680K, used 71670K [0x00000000e0000000, 0x00000000e6f00000, 0x0000000100000000)
  eden space 66560K, 100% used [0x00000000e0000000,0x00000000e4100000,0x00000000e4100000)
  from space 5120K, 99% used [0x00000000e4100000,0x00000000e45fdb20,0x00000000e4600000)
  to   space 10240K, 0% used [0x00000000e6500000,0x00000000e6500000,0x00000000e6f00000)
 ParOldGen       total 65024K, used 10623K [0x00000000a0000000, 0x00000000a3f80000, 0x00000000e0000000)
  object space 65024K, 16% used [0x00000000a0000000,0x00000000a0a5fe90,0x00000000a3f80000)
 Metaspace       used 27863K, capacity 28368K, committed 28544K, reserved 1073152K
  class space    used 3786K, capacity 3938K, committed 3968K, reserved 1048576K
Event: 5.924 GC heap after
Heap after GC invocations=7 (full 1):
 PSYoungGen      total 98304K, used 5053K [0x00000000e0000000, 0x00000000e6c80000, 0x0000000100000000)
  eden space 90624K, 0% used [0x00000000e0000000,0x00000000e0000000,0x00000000e5880000)
  from space 7680K, 65% used [0x00000000e6500000,0x00000000e69ef470,0x00000000e6c80000)
  to   space 10240K, 0% used [0x00000000e5880000,0x00000000e5880000,0x00000000e6280000)
 ParOldGen       total 65024K, used 10703K [0x00000000a0000000, 0x00000000a3f80000, 0x00000000e0000000)
  object space 65024K, 16% used [0x00000000a0000000,0x00000000a0a73eb8,0x00000000a3f80000)
 Metaspace       used 27863K, capacity 28368K, committed 28544K, reserved 1073152K
  class space    used 3786K, capacity 3938K, committed 3968K, reserved 1048576K
}
Event: 7.902 GC heap before
{Heap before GC invocations=8 (full 1):
 PSYoungGen      total 98304K, used 95677K [0x00000000e0000000, 0x00000000e6c80000, 0x0000000100000000)
  eden space 90624K, 100% used [0x00000000e0000000,0x00000000e5880000,0x00000000e5880000)
  from space 7680K, 65% used [0x00000000e6500000,0x00000000e69ef470,0x00000000e6c80000)
  to   space 10240K, 0% used [0x00000000e5880000,0x00000000e5880000,0x00000000e6280000)
 ParOldGen       total 65024K, used 10703K [0x00000000a0000000, 0x00000000a3f80000, 0x00000000e0000000)
  object space 65024K, 16% used [0x00000000a0000000,0x00000000a0a73eb8,0x00000000a3f80000)
 Metaspace       used 32945K, capacity 33506K, committed 33792K, reserved 1079296K
  class space    used 4416K, capacity 4592K, committed 4608K, reserved 1048576K
Event: 7.935 GC heap after
Heap after GC invocations=8 (full 1):
 PSYoungGen      total 100864K, used 10051K [0x00000000e0000000, 0x00000000e8f00000, 0x0000000100000000)
  eden space 90624K, 0% used [0x00000000e0000000,0x00000000e0000000,0x00000000e5880000)
  from space 10240K, 98% used [0x00000000e5880000,0x00000000e6250ff0,0x00000000e6280000)
  to   space 11264K, 0% used [0x00000000e8400000,0x00000000e8400000,0x00000000e8f00000)
 ParOldGen       total 65024K, used 10711K [0x00000000a0000000, 0x00000000a3f80000, 0x00000000e0000000)
  object space 65024K, 16% used [0x00000000a0000000,0x00000000a0a75eb8,0x00000000a3f80000)
 Metaspace       used 32945K, capacity 33506K, committed 33792K, reserved 1079296K
  class space    used 4416K, capacity 4592K, committed 4608K, reserved 1048576K
}
Event: 8.330 GC heap before
{Heap before GC invocations=9 (full 1):
 PSYoungGen      total 100864K, used 28788K [0x00000000e0000000, 0x00000000e8f00000, 0x0000000100000000)
  eden space 90624K, 20% used [0x00000000e0000000,0x00000000e124c330,0x00000000e5880000)
  from space 10240K, 98% used [0x00000000e5880000,0x00000000e6250ff0,0x00000000e6280000)
  to   space 11264K, 0% used [0x00000000e8400000,0x00000000e8400000,0x00000000e8f00000)
 ParOldGen       total 65024K, used 10711K [0x00000000a0000000, 0x00000000a3f80000, 0x00000000e0000000)
  object space 65024K, 16% used [0x00000000a0000000,0x00000000a0a75eb8,0x00000000a3f80000)
 Metaspace       used 34699K, capacity 35238K, committed 35496K, reserved 1079296K
  class space    used 4648K, capacity 4822K, committed 4864K, reserved 1048576K
Event: 8.346 GC heap after
Heap after GC invocations=9 (full 1):
 PSYoungGen      total 134656K, used 8732K [0x00000000e0000000, 0x00000000e9700000, 0x0000000100000000)
  eden space 123392K, 0% used [0x00000000e0000000,0x00000000e0000000,0x00000000e7880000)
  from space 11264K, 77% used [0x00000000e8400000,0x00000000e8c87220,0x00000000e8f00000)
  to   space 11776K, 0% used [0x00000000e7880000,0x00000000e7880000,0x00000000e8400000)
 ParOldGen       total 65024K, used 10719K [0x00000000a0000000, 0x00000000a3f80000, 0x00000000e0000000)
  object space 65024K, 16% used [0x00000000a0000000,0x00000000a0a77eb8,0x00000000a3f80000)
 Metaspace       used 34699K, capacity 35238K, committed 35496K, reserved 1079296K
  class space    used 4648K, capacity 4822K, committed 4864K, reserved 1048576K
}
Event: 8.346 GC heap before
{Heap before GC invocations=10 (full 2):
 PSYoungGen      total 134656K, used 8732K [0x00000000e0000000, 0x00000000e9700000, 0x0000000100000000)
  eden space 123392K, 0% used [0x00000000e0000000,0x00000000e0000000,0x00000000e7880000)
  from space 11264K, 77% used [0x00000000e8400000,0x00000000e8c87220,0x00000000e8f00000)
  to   space 11776K, 0% used [0x00000000e7880000,0x00000000e7880000,0x00000000e8400000)
 ParOldGen       total 65024K, used 10719K [0x00000000a0000000, 0x00000000a3f80000, 0x00000000e0000000)
  object space 65024K, 16% used [0x00000000a0000000,0x00000000a0a77eb8,0x00000000a3f80000)
 Metaspace       used 34699K, capacity 35238K, committed 35496K, reserved 1079296K
  class space    used 4648K, capacity 4822K, committed 4864K, reserved 1048576K
Event: 8.466 GC heap after
Heap after GC invocations=10 (full 2):
 PSYoungGen      total 134656K, used 0K [0x00000000e0000000, 0x00000000e9700000, 0x0000000100000000)
  eden space 123392K, 0% used [0x00000000e0000000,0x00000000e0000000,0x00000000e7880000)
  from space 11264K, 0% used [0x00000000e8400000,0x00000000e8400000,0x00000000e8f00000)
  to   space 11776K, 0% used [0x00000000e7880000,0x00000000e7880000,0x00000000e8400000)
 ParOldGen       total 65024K, used 15476K [0x00000000a0000000, 0x00000000a3f80000, 0x00000000e0000000)
  object space 65024K, 23% used [0x00000000a0000000,0x00000000a0f1d008,0x00000000a3f80000)
 Metaspace       used 34699K, capacity 35238K, committed 35496K, reserved 1079296K
  class space    used 4648K, capacity 4822K, committed 4864K, reserved 1048576K
}
Event: 10.339 GC heap before
{Heap before GC invocations=11 (full 2):
 PSYoungGen      total 134656K, used 123392K [0x00000000e0000000, 0x00000000e9700000, 0x0000000100000000)
  eden space 123392K, 100% used [0x00000000e0000000,0x00000000e7880000,0x00000000e7880000)
  from space 11264K, 0% used [0x00000000e8400000,0x00000000e8400000,0x00000000e8f00000)
  to   space 11776K, 0% used [0x00000000e7880000,0x00000000e7880000,0x00000000e8400000)
 ParOldGen       total 65024K, used 15476K [0x00000000a0000000, 0x00000000a3f80000, 0x00000000e0000000)
  object space 65024K, 23% used [0x00000000a0000000,0x00000000a0f1d008,0x00000000a3f80000)
 Metaspace       used 42544K, capacity 43450K, committed 43904K, reserved 1087488K
  class space    used 5653K, capacity 5909K, committed 6016K, reserved 1048576K
Event: 10.356 GC heap after
Heap after GC invocations=11 (full 2):
 PSYoungGen      total 135168K, used 9963K [0x00000000e0000000, 0x00000000eaf00000, 0x0000000100000000)
  eden space 123392K, 0% used [0x00000000e0000000,0x00000000e0000000,0x00000000e7880000)
  from space 11776K, 84% used [0x00000000e7880000,0x00000000e823ad40,0x00000000e8400000)
  to   space 12288K, 0% used [0x00000000ea300000,0x00000000ea300000,0x00000000eaf00000)
 ParOldGen       total 65024K, used 15548K [0x00000000a0000000, 0x00000000a3f80000, 0x00000000e0000000)
  object space 65024K, 23% used [0x00000000a0000000,0x00000000a0f2f018,0x00000000a3f80000)
 Metaspace       used 42544K, capacity 43450K, committed 43904K, reserved 1087488K
  class space    used 5653K, capacity 5909K, committed 6016K, reserved 1048576K
}

